Determining if the pthread_create exist failed with the following output:
Change Dir: /home/drford/Documents/Masterarbeit/sideProject/mutex_Wtsd/cpp_utils/graph_utils/CMakeFiles/CMakeTmp

Run Build Command:"/usr/bin/make" "cmTC_5bea2/fast"
/usr/bin/make -f CMakeFiles/cmTC_5bea2.dir/build.make CMakeFiles/cmTC_5bea2.dir/build
make[1]: Entering directory '/home/drford/Documents/Masterarbeit/sideProject/mutex_Wtsd/cpp_utils/graph_utils/CMakeFiles/CMakeTmp'
Building C object CMakeFiles/cmTC_5bea2.dir/CheckSymbolExists.c.o
/usr/bin/gcc    -o CMakeFiles/cmTC_5bea2.dir/CheckSymbolExists.c.o   -c /home/drford/Documents/Masterarbeit/sideProject/mutex_Wtsd/cpp_utils/graph_utils/CMakeFiles/CMakeTmp/CheckSymbolExists.c
Linking C executable cmTC_5bea2
/usr/bin/cmake -E cmake_link_script CMakeFiles/cmTC_5bea2.dir/link.txt --verbose=1
/usr/bin/gcc      -rdynamic CMakeFiles/cmTC_5bea2.dir/CheckSymbolExists.c.o  -o cmTC_5bea2 
CMakeFiles/cmTC_5bea2.dir/CheckSymbolExists.c.o: In function `main':
CheckSymbolExists.c:(.text+0x1b): undefined reference to `pthread_create'
collect2: error: ld returned 1 exit status
CMakeFiles/cmTC_5bea2.dir/build.make:97: recipe for target 'cmTC_5bea2' failed
make[1]: *** [cmTC_5bea2] Error 1
make[1]: Leaving directory '/home/drford/Documents/Masterarbeit/sideProject/mutex_Wtsd/cpp_utils/graph_utils/CMakeFiles/CMakeTmp'
Makefile:126: recipe for target 'cmTC_5bea2/fast' failed
make: *** [cmTC_5bea2/fast] Error 2

File /home/drford/Documents/Masterarbeit/sideProject/mutex_Wtsd/cpp_utils/graph_utils/CMakeFiles/CMakeTmp/CheckSymbolExists.c:
/* */
#include <pthread.h>

int main(int argc, char** argv)
{
  (void)argv;
#ifndef pthread_create
  return ((int*)(&pthread_create))[argc];
#else
  (void)argc;
  return 0;
#endif
}

Determining if the function pthread_create exists in the pthreads failed with the following output:
Change Dir: /home/drford/Documents/Masterarbeit/sideProject/mutex_Wtsd/cpp_utils/graph_utils/CMakeFiles/CMakeTmp

Run Build Command:"/usr/bin/make" "cmTC_50f74/fast"
/usr/bin/make -f CMakeFiles/cmTC_50f74.dir/build.make CMakeFiles/cmTC_50f74.dir/build
make[1]: Entering directory '/home/drford/Documents/Masterarbeit/sideProject/mutex_Wtsd/cpp_utils/graph_utils/CMakeFiles/CMakeTmp'
Building C object CMakeFiles/cmTC_50f74.dir/CheckFunctionExists.c.o
/usr/bin/gcc   -DCHECK_FUNCTION_EXISTS=pthread_create   -o CMakeFiles/cmTC_50f74.dir/CheckFunctionExists.c.o   -c /usr/share/cmake-3.10/Modules/CheckFunctionExists.c
Linking C executable cmTC_50f74
/usr/bin/cmake -E cmake_link_script CMakeFiles/cmTC_50f74.dir/link.txt --verbose=1
/usr/bin/gcc  -DCHECK_FUNCTION_EXISTS=pthread_create    -rdynamic CMakeFiles/cmTC_50f74.dir/CheckFunctionExists.c.o  -o cmTC_50f74 -lpthreads 
/usr/bin/ld: cannot find -lpthreads
collect2: error: ld returned 1 exit status
CMakeFiles/cmTC_50f74.dir/build.make:97: recipe for target 'cmTC_50f74' failed
make[1]: *** [cmTC_50f74] Error 1
make[1]: Leaving directory '/home/drford/Documents/Masterarbeit/sideProject/mutex_Wtsd/cpp_utils/graph_utils/CMakeFiles/CMakeTmp'
Makefile:126: recipe for target 'cmTC_50f74/fast' failed
make: *** [cmTC_50f74/fast] Error 2


